Compilación iniciada a las 07/02/2017 10:41:43.
     1>Proyecto "C:\Users\Pablo\Desktop\Master\RA\Practica2 clean\Practica2.vcxproj" en el nodo 2 (Build destinos).
     1>ClCompile:
         C:\Program Files (x86)\Microsoft Visual Studio 12.0\VC\bin\CL.exe /c /ZI /nologo /W3 /WX- /Od /Oy- /D WIN32 /D _DEBUG /D _CONSOLE /D _UNICODE /D UNICODE /Gm /EHsc /RTC1 /MTd /GS /fp:precise /Zc:wchar_t /Zc:forScope /Fo"Debug\\" /Fd"Debug\vc120.pdb" /Gd /TP /analyze- /errorReport:prompt 3ds.cpp RayTrace.cpp Scene.cpp starter.cpp xmlParser.cpp
         xmlParser.cpp
         starter.cpp
         Scene.cpp
         RayTrace.cpp
         3ds.cpp
         Generando código...
       Link:
         C:\Program Files (x86)\Microsoft Visual Studio 12.0\VC\bin\link.exe /ERRORREPORT:PROMPT /OUT:"C:\Users\Pablo\Desktop\Master\RA\Practica2 clean\Debug\Practica2.exe" /INCREMENTAL /NOLOGO kernel32.lib user32.lib gdi32.lib winspool.lib comdlg32.lib advapi32.lib shell32.lib ole32.lib oleaut32.lib uuid.lib odbc32.lib odbccp32.lib /NODEFAULTLIB:libc.lib /MANIFEST /MANIFESTUAC:"level='asInvoker' uiAccess='false'" /manifest:embed /DEBUG /PDB:"C:\Users\Pablo\Desktop\Master\RA\Practica2 clean\Debug\Practica2.pdb" /SUBSYSTEM:CONSOLE /TLBID:1 /DYNAMICBASE /NXCOMPAT /IMPLIB:"C:\Users\Pablo\Desktop\Master\RA\Practica2 clean\Debug\Practica2.lib" /MACHINE:X86 /SAFESEH:NO Debug\3ds.obj
         Debug\RayTrace.obj
         Debug\Scene.obj
         Debug\starter.obj
         Debug\xmlParser.obj
         Practica2.vcxproj -> C:\Users\Pablo\Desktop\Master\RA\Practica2 clean\Debug\Practica2.exe
     1>Compilación del proyecto terminada "C:\Users\Pablo\Desktop\Master\RA\Practica2 clean\Practica2.vcxproj" (Build destinos).

Compilación correcta.

Tiempo transcurrido 00:00:10.50
